<?xml version="1.0" encoding="UTF-8" standalone="no"?>
<testsuite errors="0" failures="3" name="io.cucumber.core.plugin.JUnitFormatter" skipped="0" tests="24" time="412.424">
<testcase classname="test currency" name="change currency to euro" time="14.56">
<system-out><![CDATA[Given initialize Currencies feature.........................................passed
When user press on currencies...............................................passed
And user chooses "euro".....................................................passed
Then the product currency changes to "euro".................................passed
]]></system-out>
</testcase>
<testcase classname="test register" name="Register with valid data" time="21.116">
<system-out><![CDATA[Given initialize register feature...........................................passed
When user press register icon...............................................passed
And user selects "male" and enters "ahmed" as first name, "tamer" as last name, "ahmed@tamer.com" as email, "sss" as company, "ahmed12" as password and "ahmed12" as confirm password.passed
And user set his birthday as follow "10" Day "7" Month "1994" Year..........passed
And user clicks on register button..........................................passed
Then successful registration message appears................................passed
]]></system-out>
</testcase>
<testcase classname="test register" name="user didn't enter any data" time="16.359">
<system-out><![CDATA[Given initialize register feature...........................................passed
When user press register icon...............................................passed
And user clicks on register button..........................................passed
Then error messages appear..................................................passed
]]></system-out>
</testcase>
<testcase classname="test register" name="user didn't enter the same password" time="20.907">
<system-out><![CDATA[Given initialize register feature...........................................passed
When user press register icon...............................................passed
And user selects "male" and enters "ahmed" as first name, "tamer" as last name, "ahmed@attia.com" as email, "sss" as company, "ahmed12" as password and "ahmed1" as confirm password.passed
And user set his birthday as follow "10" Day "7" Month "1994" Year..........passed
And user clicks on register button..........................................passed
Then user get non identical passwords.......................................passed
]]></system-out>
</testcase>
<testcase classname="test register" name="email already exist" time="17.811">
<system-out><![CDATA[Given initialize register feature...........................................passed
When user press register icon...............................................passed
And user selects "male" and enters "ahmed" as first name, "tamer" as last name, "ahmed@tamer.com" as email, "sss" as company, "ahmed12" as password and "ahmed12" as confirm password.passed
And user set his birthday as follow "10" Day "7" Month "1994" Year..........passed
And user clicks on register button..........................................passed
Then email exist message appears............................................passed
]]></system-out>
</testcase>
<testcase classname="test search" name=": search products with name" time="12.187">
<system-out><![CDATA[Given initialize Search feature.............................................passed
When user types "gift card".................................................passed
And clicks on search........................................................passed
Then user should find the "gift card".......................................passed
]]></system-out>
</testcase>
<testcase classname="test search" name=": search products with name 2" time="12.547">
<system-out><![CDATA[Given initialize Search feature.............................................passed
When user types "laptop"....................................................passed
And clicks on search........................................................passed
Then user should find the "laptop"..........................................passed
]]></system-out>
</testcase>
<testcase classname="test search" name=": search products with name 3" time="38.675">
<system-out><![CDATA[Given initialize Search feature.............................................passed
When user types "nike"......................................................passed
And clicks on search........................................................passed
Then user should find the "nike"............................................passed
]]></system-out>
</testcase>
<testcase classname="test search" name=": search products with sku" time="28.598">
<system-out><![CDATA[Given initialize Search feature.............................................passed
When user types "IF_YOU_WT" as product sku..................................passed
And clicks on search........................................................passed
Then user should find the "IF_YOU_WT" as product sku........................passed
]]></system-out>
</testcase>
<testcase classname="test search" name=": search products with sku 2" time="14.352">
<system-out><![CDATA[Given initialize Search feature.............................................passed
When user types "COMP_CUST" as product sku..................................passed
And clicks on search........................................................passed
Then user should find the "COMP_CUST" as product sku........................passed
]]></system-out>
</testcase>
<testcase classname="test search" name=": search products with sku 3" time="15.371">
<system-out><![CDATA[Given initialize Search feature.............................................passed
When user types "AP_MBP_13" as product sku..................................passed
And clicks on search........................................................passed
Then user should find the "AP_MBP_13" as product sku........................passed
]]></system-out>
</testcase>
<testcase classname="test follow us" name="user clicks follow us icons" time="16.942">
<system-out><![CDATA[Given initialize follow us feature..........................................passed
When user clicks "facebook".................................................passed
Then user should go to selected "https://www.facebook.com/nopCommerce"......passed
]]></system-out>
</testcase>
<testcase classname="test follow us" name="user clicks follow us icons 2" time="14.496">
<system-out><![CDATA[Given initialize follow us feature..........................................passed
When user clicks "twitter"..................................................passed
Then user should go to selected "https://twitter.com/nopCommerce"...........passed
]]></system-out>
</testcase>
<testcase classname="test follow us" name="user clicks follow us icons 3" time="18.388">
<system-out><![CDATA[Given initialize follow us feature..........................................passed
When user clicks "youtube"..................................................passed
Then user should go to selected "https://www.youtube.com/user/nopCommerce"..passed
]]></system-out>
</testcase>
<testcase classname="test follow us" name="user clicks follow us icons 4" time="13.383">
<failure message="expected [https://demo.nopcommerce.com/new-online-store-is-open] but found [https://demo.nopcommerce.com/news/rss/1]" type="java.lang.AssertionError"><![CDATA[Given initialize follow us feature..........................................passed
When user clicks "news".....................................................passed
Then user should go to selected "https://demo.nopcommerce.com/new-online-store-is-open".failed

StackTrace:
java.lang.AssertionError: expected [https://demo.nopcommerce.com/new-online-store-is-open] but found [https://demo.nopcommerce.com/news/rss/1]
	at org.testng.Assert.fail(Assert.java:110)
	at org.testng.Assert.failNotEquals(Assert.java:1413)
	at org.testng.Assert.assertEqualsImpl(Assert.java:149)
	at org.testng.Assert.assertEquals(Assert.java:131)
	at org.testng.Assert.assertEquals(Assert.java:655)
	at org.testng.Assert.assertEquals(Assert.java:665)
	at org.example.stepDefs.followUsFeatureSteps.checkOnUrl(followUsFeatureSteps.java:34)
	at ✽.user should go to selected "https://demo.nopcommerce.com/new-online-store-is-open"(file:///C:/Users/ahmed/IdeaProjects/CucumberProject/src/main/resources/features/followUs.feature:7)
]]></failure>
</testcase>
<testcase classname="test hover to categories" name="test random hover" time="13.588">
<system-out><![CDATA[Given initialize hover to categories feature................................passed
When user select random category he should go its page......................passed
]]></system-out>
</testcase>
<testcase classname="Test Login Functionality" name="Enter Valid Data" time="15.507">
<system-out><![CDATA[Given initialize login feature..............................................passed
When enter email "ahmed@tamer.com" and password "ahmed12"...................passed
And press login.............................................................passed
Then user go to home page...................................................passed
]]></system-out>
</testcase>
<testcase classname="Test Login Functionality" name="Enter invalid Data" time="31.049">
<system-out><![CDATA[Given initialize login feature..............................................passed
When enter email "stay@gmail.com" and password "sss"........................passed
And press login.............................................................passed
Then check on error message.................................................passed
]]></system-out>
</testcase>
<testcase classname="Test Login Functionality" name="Enter invalid email form" time="13.598">
<system-out><![CDATA[Given initialize login feature..............................................passed
When enter email "stay" and password "qwwe".................................passed
Then check on email error message...........................................passed
]]></system-out>
</testcase>
<testcase classname="Test Login Functionality" name="user forget Password" time="14.984">
<system-out><![CDATA[Given initialize login feature..............................................passed
When user press forget password.............................................passed
And user enter email "ahmed@tamer.com"......................................passed
And press recover button....................................................passed
Then user gets instructions message has been sent...........................passed
]]></system-out>
</testcase>
<testcase classname="test slider" name="test nokia pic" time="10.032">
<failure message="expected [https://demo.nopcommerce.com/nokia-lumia-1020] but found [https://demo.nopcommerce.com/]" type="java.lang.AssertionError"><![CDATA[Given initialize slider feature.............................................passed
When user select Nokia picture..............................................passed
Then user should navigate to Nokia page.....................................failed

StackTrace:
java.lang.AssertionError: expected [https://demo.nopcommerce.com/nokia-lumia-1020] but found [https://demo.nopcommerce.com/]
	at org.testng.Assert.fail(Assert.java:110)
	at org.testng.Assert.failNotEquals(Assert.java:1413)
	at org.testng.Assert.assertEqualsImpl(Assert.java:149)
	at org.testng.Assert.assertEquals(Assert.java:131)
	at org.testng.Assert.assertEquals(Assert.java:655)
	at org.testng.Assert.assertEquals(Assert.java:665)
	at org.example.stepDefs.sliderFeatureSteps.checkOnNokiaUrl(sliderFeatureSteps.java:27)
	at ✽.user should navigate to Nokia page(file:///C:/Users/ahmed/IdeaProjects/CucumberProject/src/main/resources/features/slider.feature:7)
]]></failure>
</testcase>
<testcase classname="test slider" name="test iphone pic" time="10.167">
<failure message="expected [https://demo.nopcommerce.com/iphone-6] but found [https://demo.nopcommerce.com/]" type="java.lang.AssertionError"><![CDATA[Given initialize slider feature.............................................passed
When user select iphone picture.............................................passed
Then user should navigate to iphone page....................................failed

StackTrace:
java.lang.AssertionError: expected [https://demo.nopcommerce.com/iphone-6] but found [https://demo.nopcommerce.com/]
	at org.testng.Assert.fail(Assert.java:110)
	at org.testng.Assert.failNotEquals(Assert.java:1413)
	at org.testng.Assert.assertEqualsImpl(Assert.java:149)
	at org.testng.Assert.assertEquals(Assert.java:131)
	at org.testng.Assert.assertEquals(Assert.java:655)
	at org.testng.Assert.assertEquals(Assert.java:665)
	at org.example.stepDefs.sliderFeatureSteps.checkOnIphoneUrl(sliderFeatureSteps.java:37)
	at ✽.user should navigate to iphone page(file:///C:/Users/ahmed/IdeaProjects/CucumberProject/src/main/resources/features/slider.feature:11)
]]></failure>
</testcase>
<testcase classname="test wish list" name="test add HTC to wish list" time="10.386">
<system-out><![CDATA[Given initialize wish list feature..........................................passed
When user select to add HTC phone to wish list..............................passed
Then user should get a success message......................................passed
]]></system-out>
</testcase>
<testcase classname="test wish list" name="check on wish list cart" time="16.653">
<system-out><![CDATA[Given initialize wish list feature..........................................passed
When user select to add HTC phone to wish list..............................passed
And click on wish list......................................................passed
Then user should find the product...........................................passed
]]></system-out>
</testcase>
</testsuite>
